[22-Nov-2025 19:55:48 America/Santo_Domingo] ✓ Conexión BD exitosa: easypos@localhost (intento 1)
[22-Nov-2025 19:55:51 America/Santo_Domingo] ✓ Conexión BD exitosa: easypos@localhost (intento 1)
[22-Nov-2025 19:55:51 America/Santo_Domingo] ✓ Conexión BD exitosa: easypos@localhost (intento 1)
[22-Nov-2025 19:55:51 America/Santo_Domingo] ✓ Conexión BD exitosa: easypos@localhost (intento 1)
[22-Nov-2025 19:55:51 America/Santo_Domingo] ✓ Conexión BD exitosa: easypos@localhost (intento 1)
[22-Nov-2025 19:57:14 America/Santo_Domingo] ✓ Conexión BD exitosa: easypos@localhost (intento 1)
[22-Nov-2025 20:03:41 America/Santo_Domingo] ✓ Conexión BD exitosa: easypos@localhost (intento 1)
[22-Nov-2025 20:03:41 America/Santo_Domingo] ✓ Conexión BD exitosa: easypos@localhost (intento 1)
[22-Nov-2025 20:03:41 America/Santo_Domingo] ✓ Conexión BD exitosa: easypos@localhost (intento 1)
[22-Nov-2025 20:03:41 America/Santo_Domingo] ✓ Conexión BD exitosa: easypos@localhost (intento 1)
[22-Nov-2025 20:05:07 America/Santo_Domingo] ✓ Conexión BD exitosa: easypos@localhost (intento 1)
[22-Nov-2025 20:05:39 America/Santo_Domingo] ✓ Conexión BD exitosa: easypos@localhost (intento 1)
[22-Nov-2025 20:06:08 America/Santo_Domingo] ✓ Conexión BD exitosa: easypos@localhost (intento 1)
[22-Nov-2025 20:06:41 America/Santo_Domingo] ✓ Conexión BD exitosa: easypos@localhost (intento 1)
[22-Nov-2025 20:07:52 America/Santo_Domingo] ✓ Conexión BD exitosa: easypos@localhost (intento 1)
[22-Nov-2025 20:07:59 America/Santo_Domingo] ✓ Conexión BD exitosa: easypos@localhost (intento 1)
[22-Nov-2025 20:08:00 America/Santo_Domingo] ✓ Conexión BD exitosa: easypos@localhost (intento 1)
[22-Nov-2025 20:08:46 America/Santo_Domingo] ✓ Conexión BD exitosa: easypos@localhost (intento 1)
[22-Nov-2025 20:09:28 America/Santo_Domingo] ✓ Conexión BD exitosa: easypos@localhost (intento 1)
[22-Nov-2025 20:10:10 America/Santo_Domingo] ✓ Conexión BD exitosa: easypos@localhost (intento 1)
[22-Nov-2025 20:11:01 America/Santo_Domingo] ✓ Conexión BD exitosa: easypos@localhost (intento 1)
[22-Nov-2025 20:11:07 America/Santo_Domingo] ✓ Conexión BD exitosa: easypos@localhost (intento 1)
[22-Nov-2025 20:11:10 America/Santo_Domingo] ✓ Conexión BD exitosa: easypos@localhost (intento 1)
[22-Nov-2025 20:11:11 America/Santo_Domingo] ✓ Conexión BD exitosa: easypos@localhost (intento 1)
[22-Nov-2025 20:11:13 America/Santo_Domingo] ✓ Conexión BD exitosa: easypos@localhost (intento 1)
[22-Nov-2025 20:12:53 America/Santo_Domingo] ✓ Conexión BD exitosa: easypos@localhost (intento 1)
[22-Nov-2025 20:12:53 America/Santo_Domingo] ✓ Conexión BD exitosa: easypos@localhost (intento 1)
[22-Nov-2025 20:12:54 America/Santo_Domingo] ✓ Conexión BD exitosa: easypos@localhost (intento 1)
[22-Nov-2025 20:12:54 America/Santo_Domingo] ✓ Conexión BD exitosa: easypos@localhost (intento 1)
[22-Nov-2025 20:12:54 America/Santo_Domingo] ✓ Conexión BD exitosa: easypos@localhost (intento 1)
[22-Nov-2025 20:12:54 America/Santo_Domingo] ✓ Conexión BD exitosa: easypos@localhost (intento 1)
[22-Nov-2025 20:12:54 America/Santo_Domingo] ✓ Conexión BD exitosa: easypos@localhost (intento 1)
[22-Nov-2025 20:12:54 America/Santo_Domingo] ✓ Conexión BD exitosa: easypos@localhost (intento 1)
[22-Nov-2025 20:12:55 America/Santo_Domingo] ✓ Conexión BD exitosa: easypos@localhost (intento 1)
[22-Nov-2025 20:18:52 America/Santo_Domingo] ✓ Conexión BD exitosa: easypos@localhost (intento 1)
[22-Nov-2025 20:20:29 America/Santo_Domingo] ✓ Conexión BD exitosa: easypos@localhost (intento 1)
[22-Nov-2025 20:20:31 America/Santo_Domingo] ✓ Conexión BD exitosa: easypos@localhost (intento 1)
[22-Nov-2025 20:21:37 America/Santo_Domingo] ✓ Conexión BD exitosa: easypos@localhost (intento 1)
[22-Nov-2025 20:22:05 America/Santo_Domingo] ✓ Conexión BD exitosa: easypos@localhost (intento 1)
[22-Nov-2025 20:23:47 America/Santo_Domingo] ✓ Conexión BD exitosa: easypos@localhost (intento 1)
[22-Nov-2025 20:23:48 America/Santo_Domingo] ✓ Conexión BD exitosa: easypos@localhost (intento 1)
[22-Nov-2025 20:23:48 America/Santo_Domingo] ✓ Conexión BD exitosa: easypos@localhost (intento 1)
[22-Nov-2025 20:23:48 America/Santo_Domingo] ✓ Conexión BD exitosa: easypos@localhost (intento 1)
[22-Nov-2025 20:23:48 America/Santo_Domingo] ✓ Conexión BD exitosa: easypos@localhost (intento 1)
[22-Nov-2025 20:23:49 America/Santo_Domingo] ✓ Conexión BD exitosa: easypos@localhost (intento 1)
[22-Nov-2025 20:23:52 America/Santo_Domingo] ✓ Conexión BD exitosa: easypos@localhost (intento 1)
[22-Nov-2025 20:25:48 America/Santo_Domingo] ✓ Conexión BD exitosa: easypos@localhost (intento 1)
[22-Nov-2025 20:25:50 America/Santo_Domingo] ✓ Conexión BD exitosa: easypos@localhost (intento 1)
[22-Nov-2025 20:25:51 America/Santo_Domingo] ✓ Conexión BD exitosa: easypos@localhost (intento 1)
[22-Nov-2025 20:25:51 America/Santo_Domingo] ✓ Conexión BD exitosa: easypos@localhost (intento 1)
[22-Nov-2025 20:25:51 America/Santo_Domingo] ✓ Conexión BD exitosa: easypos@localhost (intento 1)
[22-Nov-2025 20:25:51 America/Santo_Domingo] ✓ Conexión BD exitosa: easypos@localhost (intento 1)
[22-Nov-2025 20:25:51 America/Santo_Domingo] ✓ Conexión BD exitosa: easypos@localhost (intento 1)
[22-Nov-2025 20:25:54 America/Santo_Domingo] ✓ Conexión BD exitosa: easypos@localhost (intento 1)
[22-Nov-2025 20:27:04 America/Santo_Domingo] ✓ Conexión BD exitosa: easypos@localhost (intento 1)
[22-Nov-2025 20:28:03 America/Santo_Domingo] ✓ Conexión BD exitosa: easypos@localhost (intento 1)
[22-Nov-2025 20:28:05 America/Santo_Domingo] ✓ Conexión BD exitosa: easypos@localhost (intento 1)
[22-Nov-2025 20:28:12 America/Santo_Domingo] ✓ Conexión BD exitosa: easypos@localhost (intento 1)
[22-Nov-2025 20:28:13 America/Santo_Domingo] ✓ Conexión BD exitosa: easypos@localhost (intento 1)
[22-Nov-2025 20:28:14 America/Santo_Domingo] ✓ Conexión BD exitosa: easypos@localhost (intento 1)
[22-Nov-2025 20:28:36 America/Santo_Domingo] ✓ Conexión BD exitosa: easypos@localhost (intento 1)
[22-Nov-2025 20:29:18 America/Santo_Domingo] ✓ Conexión BD exitosa: easypos@localhost (intento 1)
[22-Nov-2025 20:30:05 America/Santo_Domingo] ✓ Conexión BD exitosa: easypos@localhost (intento 1)
[22-Nov-2025 20:30:36 America/Santo_Domingo] ✓ Conexión BD exitosa: easypos@localhost (intento 1)
[22-Nov-2025 20:30:42 America/Santo_Domingo] ✓ Conexión BD exitosa: easypos@localhost (intento 1)
[22-Nov-2025 20:30:42 America/Santo_Domingo] PHP Fatal error:  Uncaught Error: Call to undefined function registrarAuditoriaCaja() in C:\xampp\htdocs\EasyPOS\app\caja\caja.php:254
Stack trace:
#0 {main}
  thrown in C:\xampp\htdocs\EasyPOS\app\caja\caja.php on line 254
[22-Nov-2025 20:32:48 America/Santo_Domingo] ✓ Conexión BD exitosa: easypos@localhost (intento 1)
[22-Nov-2025 20:32:55 America/Santo_Domingo] ✓ Conexión BD exitosa: easypos@localhost (intento 1)
[22-Nov-2025 20:44:43 America/Santo_Domingo] ✓ Conexión BD exitosa: easypos@localhost (intento 1)
[22-Nov-2025 20:44:45 America/Santo_Domingo] ✓ Conexión BD exitosa: easypos@localhost (intento 1)
[22-Nov-2025 20:44:52 America/Santo_Domingo] ✓ Conexión BD exitosa: easypos@localhost (intento 1)
[22-Nov-2025 20:44:52 America/Santo_Domingo] ✓ Conexión BD exitosa: easypos@localhost (intento 1)
[22-Nov-2025 20:44:52 America/Santo_Domingo] ✓ Conexión BD exitosa: easypos@localhost (intento 1)
[22-Nov-2025 20:44:52 America/Santo_Domingo] ✓ Conexión BD exitosa: easypos@localhost (intento 1)
[22-Nov-2025 20:44:52 America/Santo_Domingo] ✓ Conexión BD exitosa: easypos@localhost (intento 1)
[22-Nov-2025 20:44:52 America/Santo_Domingo] ✓ Conexión BD exitosa: easypos@localhost (intento 1)
[22-Nov-2025 20:44:53 America/Santo_Domingo] ✓ Conexión BD exitosa: easypos@localhost (intento 1)
[22-Nov-2025 20:44:56 America/Santo_Domingo] ✓ Conexión BD exitosa: easypos@localhost (intento 1)
[22-Nov-2025 20:46:11 America/Santo_Domingo] ✓ Conexión BD exitosa: easypos@localhost (intento 1)
[22-Nov-2025 20:46:23 America/Santo_Domingo] ✓ Conexión BD exitosa: easypos@localhost (intento 1)
[22-Nov-2025 20:46:26 America/Santo_Domingo] ✓ Conexión BD exitosa: easypos@localhost (intento 1)
[22-Nov-2025 20:46:29 America/Santo_Domingo] ✓ Conexión BD exitosa: easypos@localhost (intento 1)
[22-Nov-2025 20:46:32 America/Santo_Domingo] ✓ Conexión BD exitosa: easypos@localhost (intento 1)
[22-Nov-2025 20:46:49 America/Santo_Domingo] ✓ Conexión BD exitosa: easypos@localhost (intento 1)
[22-Nov-2025 20:47:00 America/Santo_Domingo] ✓ Conexión BD exitosa: easypos@localhost (intento 1)
[22-Nov-2025 20:47:09 America/Santo_Domingo] ✓ Conexión BD exitosa: easypos@localhost (intento 1)
[22-Nov-2025 20:49:05 America/Santo_Domingo] ✓ Conexión BD exitosa: easypos@localhost (intento 1)
[22-Nov-2025 20:50:44 America/Santo_Domingo] ✓ Conexión BD exitosa: easypos@localhost (intento 1)
[22-Nov-2025 20:52:26 America/Santo_Domingo] ✓ Conexión BD exitosa: easypos@localhost (intento 1)
[22-Nov-2025 20:52:36 America/Santo_Domingo] ✓ Conexión BD exitosa: easypos@localhost (intento 1)
[22-Nov-2025 20:54:08 America/Santo_Domingo] ✓ Conexión BD exitosa: easypos@localhost (intento 1)
[22-Nov-2025 20:54:10 America/Santo_Domingo] ✓ Conexión BD exitosa: easypos@localhost (intento 1)
[22-Nov-2025 20:54:41 America/Santo_Domingo] ✓ Conexión BD exitosa: easypos@localhost (intento 1)
[22-Nov-2025 20:54:44 America/Santo_Domingo] ✓ Conexión BD exitosa: easypos@localhost (intento 1)
[22-Nov-2025 20:59:46 America/Santo_Domingo] ✓ Conexión BD exitosa: easypos@localhost (intento 1)
[22-Nov-2025 20:59:51 America/Santo_Domingo] ✓ Conexión BD exitosa: easypos@localhost (intento 1)
[22-Nov-2025 20:59:58 America/Santo_Domingo] ✓ Conexión BD exitosa: easypos@localhost (intento 1)
[22-Nov-2025 21:02:47 America/Santo_Domingo] ✓ Conexión BD exitosa: easypos@localhost (intento 1)
[22-Nov-2025 21:04:43 America/Santo_Domingo] ✓ Conexión BD exitosa: easypos@localhost (intento 1)
[22-Nov-2025 21:04:44 America/Santo_Domingo] ✓ Conexión BD exitosa: easypos@localhost (intento 1)
[22-Nov-2025 21:04:44 America/Santo_Domingo] ✓ Conexión BD exitosa: easypos@localhost (intento 1)
[22-Nov-2025 21:04:44 America/Santo_Domingo] ✓ Conexión BD exitosa: easypos@localhost (intento 1)
[22-Nov-2025 21:04:44 America/Santo_Domingo] ✓ Conexión BD exitosa: easypos@localhost (intento 1)
[22-Nov-2025 21:04:44 America/Santo_Domingo] ✓ Conexión BD exitosa: easypos@localhost (intento 1)
[22-Nov-2025 21:04:44 America/Santo_Domingo] ✓ Conexión BD exitosa: easypos@localhost (intento 1)
[22-Nov-2025 21:04:45 America/Santo_Domingo] ✓ Conexión BD exitosa: easypos@localhost (intento 1)
[22-Nov-2025 21:04:46 America/Santo_Domingo] ✓ Conexión BD exitosa: easypos@localhost (intento 1)
[22-Nov-2025 21:04:48 America/Santo_Domingo] ✓ Conexión BD exitosa: easypos@localhost (intento 1)
[22-Nov-2025 21:05:07 America/Santo_Domingo] ✓ Conexión BD exitosa: easypos@localhost (intento 1)
[22-Nov-2025 21:06:08 America/Santo_Domingo] ✓ Conexión BD exitosa: easypos@localhost (intento 1)
[22-Nov-2025 21:06:09 America/Santo_Domingo] ✓ Conexión BD exitosa: easypos@localhost (intento 1)
[22-Nov-2025 21:06:10 America/Santo_Domingo] ✓ Conexión BD exitosa: easypos@localhost (intento 1)
[22-Nov-2025 21:06:12 America/Santo_Domingo] ✓ Conexión BD exitosa: easypos@localhost (intento 1)
[22-Nov-2025 21:06:39 America/Santo_Domingo] ✓ Conexión BD exitosa: easypos@localhost (intento 1)
[22-Nov-2025 21:06:41 America/Santo_Domingo] ✓ Conexión BD exitosa: easypos@localhost (intento 1)
[22-Nov-2025 21:06:42 America/Santo_Domingo] ✓ Conexión BD exitosa: easypos@localhost (intento 1)
[22-Nov-2025 21:09:13 America/Santo_Domingo] ✓ Conexión BD exitosa: easypos@localhost (intento 1)
[22-Nov-2025 21:09:18 America/Santo_Domingo] ✓ Conexión BD exitosa: easypos@localhost (intento 1)
[22-Nov-2025 21:09:19 America/Santo_Domingo] ✓ Conexión BD exitosa: easypos@localhost (intento 1)
[22-Nov-2025 21:10:16 America/Santo_Domingo] ✓ Conexión BD exitosa: easypos@localhost (intento 1)
[22-Nov-2025 21:10:19 America/Santo_Domingo] ✓ Conexión BD exitosa: easypos@localhost (intento 1)
[22-Nov-2025 21:11:14 America/Santo_Domingo] ✓ Conexión BD exitosa: easypos@localhost (intento 1)
[22-Nov-2025 21:11:45 America/Santo_Domingo] ✓ Conexión BD exitosa: easypos@localhost (intento 1)
[22-Nov-2025 21:11:50 America/Santo_Domingo] ✓ Conexión BD exitosa: easypos@localhost (intento 1)
[22-Nov-2025 21:12:26 America/Santo_Domingo] ✓ Conexión BD exitosa: easypos@localhost (intento 1)
[22-Nov-2025 21:12:39 America/Santo_Domingo] ✓ Conexión BD exitosa: easypos@localhost (intento 1)
[22-Nov-2025 21:12:47 America/Santo_Domingo] ✓ Conexión BD exitosa: easypos@localhost (intento 1)
[22-Nov-2025 21:12:48 America/Santo_Domingo] ✓ Conexión BD exitosa: easypos@localhost (intento 1)
[22-Nov-2025 21:12:54 America/Santo_Domingo] ✓ Conexión BD exitosa: easypos@localhost (intento 1)
[22-Nov-2025 21:12:57 America/Santo_Domingo] ✓ Conexión BD exitosa: easypos@localhost (intento 1)
[22-Nov-2025 21:14:28 America/Santo_Domingo] ✓ Conexión BD exitosa: easypos@localhost (intento 1)
[22-Nov-2025 21:14:30 America/Santo_Domingo] ✓ Conexión BD exitosa: easypos@localhost (intento 1)
[22-Nov-2025 21:14:32 America/Santo_Domingo] ✓ Conexión BD exitosa: easypos@localhost (intento 1)
[22-Nov-2025 21:14:34 America/Santo_Domingo] ✓ Conexión BD exitosa: easypos@localhost (intento 1)
[22-Nov-2025 21:14:35 America/Santo_Domingo] ✓ Conexión BD exitosa: easypos@localhost (intento 1)
[22-Nov-2025 21:14:36 America/Santo_Domingo] ✓ Conexión BD exitosa: easypos@localhost (intento 1)
[22-Nov-2025 21:15:23 America/Santo_Domingo] ✓ Conexión BD exitosa: easypos@localhost (intento 1)
[22-Nov-2025 21:15:26 America/Santo_Domingo] ✓ Conexión BD exitosa: easypos@localhost (intento 1)
[22-Nov-2025 21:15:27 America/Santo_Domingo] ✓ Conexión BD exitosa: easypos@localhost (intento 1)
[22-Nov-2025 21:15:28 America/Santo_Domingo] ✓ Conexión BD exitosa: easypos@localhost (intento 1)
[22-Nov-2025 21:28:33 America/Santo_Domingo] ✓ Conexión BD exitosa: easypos@localhost (intento 1)
[22-Nov-2025 21:28:35 America/Santo_Domingo] ✓ Conexión BD exitosa: easypos@localhost (intento 1)
[22-Nov-2025 21:28:37 America/Santo_Domingo] ✓ Conexión BD exitosa: easypos@localhost (intento 1)
[22-Nov-2025 21:28:38 America/Santo_Domingo] ✓ Conexión BD exitosa: easypos@localhost (intento 1)
[22-Nov-2025 21:28:40 America/Santo_Domingo] ✓ Conexión BD exitosa: easypos@localhost (intento 1)
[22-Nov-2025 21:28:42 America/Santo_Domingo] ✓ Conexión BD exitosa: easypos@localhost (intento 1)
[22-Nov-2025 21:28:45 America/Santo_Domingo] ✓ Conexión BD exitosa: easypos@localhost (intento 1)
[22-Nov-2025 21:28:46 America/Santo_Domingo] ✓ Conexión BD exitosa: easypos@localhost (intento 1)
[22-Nov-2025 21:28:47 America/Santo_Domingo] ✓ Conexión BD exitosa: easypos@localhost (intento 1)
[22-Nov-2025 21:29:27 America/Santo_Domingo] ✓ Conexión BD exitosa: easypos@localhost (intento 1)
[22-Nov-2025 21:29:33 America/Santo_Domingo] ✓ Conexión BD exitosa: easypos@localhost (intento 1)
[22-Nov-2025 21:29:33 America/Santo_Domingo] ✓ Conexión BD exitosa: easypos@localhost (intento 1)
[22-Nov-2025 21:29:33 America/Santo_Domingo] ✓ Conexión BD exitosa: easypos@localhost (intento 1)
[22-Nov-2025 21:29:33 America/Santo_Domingo] ✓ Conexión BD exitosa: easypos@localhost (intento 1)
[22-Nov-2025 21:29:33 America/Santo_Domingo] ✓ Conexión BD exitosa: easypos@localhost (intento 1)
[22-Nov-2025 21:29:33 America/Santo_Domingo] ✓ Conexión BD exitosa: easypos@localhost (intento 1)
[22-Nov-2025 21:29:34 America/Santo_Domingo] ✓ Conexión BD exitosa: easypos@localhost (intento 1)
[22-Nov-2025 21:29:35 America/Santo_Domingo] ✓ Conexión BD exitosa: easypos@localhost (intento 1)
[22-Nov-2025 21:29:42 America/Santo_Domingo] ✓ Conexión BD exitosa: easypos@localhost (intento 1)
[22-Nov-2025 21:29:44 America/Santo_Domingo] ✓ Conexión BD exitosa: easypos@localhost (intento 1)
[22-Nov-2025 21:30:37 America/Santo_Domingo] ✓ Conexión BD exitosa: easypos@localhost (intento 1)
[22-Nov-2025 21:30:46 America/Santo_Domingo] ✓ Conexión BD exitosa: easypos@localhost (intento 1)
[22-Nov-2025 21:30:48 America/Santo_Domingo] ✓ Conexión BD exitosa: easypos@localhost (intento 1)
[22-Nov-2025 21:30:48 America/Santo_Domingo] ✓ Conexión BD exitosa: easypos@localhost (intento 1)
[22-Nov-2025 21:32:00 America/Santo_Domingo] ✓ Conexión BD exitosa: easypos@localhost (intento 1)
[22-Nov-2025 21:32:23 America/Santo_Domingo] ✓ Conexión BD exitosa: easypos@localhost (intento 1)
[22-Nov-2025 21:32:41 America/Santo_Domingo] ✓ Conexión BD exitosa: easypos@localhost (intento 1)
[22-Nov-2025 21:34:03 America/Santo_Domingo] ✓ Conexión BD exitosa: easypos@localhost (intento 1)
[22-Nov-2025 21:34:04 America/Santo_Domingo] ✓ Conexión BD exitosa: easypos@localhost (intento 1)
[22-Nov-2025 21:34:47 America/Santo_Domingo] ✓ Conexión BD exitosa: easypos@localhost (intento 1)
[22-Nov-2025 21:34:51 America/Santo_Domingo] ✓ Conexión BD exitosa: easypos@localhost (intento 1)
[22-Nov-2025 21:51:55 America/Santo_Domingo] ✓ Conexión BD exitosa: easypos@localhost (intento 1)
[22-Nov-2025 21:51:56 America/Santo_Domingo] ✓ Conexión BD exitosa: easypos@localhost (intento 1)
[22-Nov-2025 21:52:02 America/Santo_Domingo] ✓ Conexión BD exitosa: easypos@localhost (intento 1)
[22-Nov-2025 22:00:07 America/Santo_Domingo] ✓ Conexión BD exitosa: easypos@localhost (intento 1)
[22-Nov-2025 22:00:09 America/Santo_Domingo] ✓ Conexión BD exitosa: easypos@localhost (intento 1)
[22-Nov-2025 22:00:14 America/Santo_Domingo] ✓ Conexión BD exitosa: easypos@localhost (intento 1)
[22-Nov-2025 22:00:41 America/Santo_Domingo] ✓ Conexión BD exitosa: easypos@localhost (intento 1)
[22-Nov-2025 22:00:44 America/Santo_Domingo] ✓ Conexión BD exitosa: easypos@localhost (intento 1)
[22-Nov-2025 22:00:45 America/Santo_Domingo] ✓ Conexión BD exitosa: easypos@localhost (intento 1)
[22-Nov-2025 22:00:48 America/Santo_Domingo] ✓ Conexión BD exitosa: easypos@localhost (intento 1)
[22-Nov-2025 22:00:49 America/Santo_Domingo] ✓ Conexión BD exitosa: easypos@localhost (intento 1)
[22-Nov-2025 22:00:50 America/Santo_Domingo] ✓ Conexión BD exitosa: easypos@localhost (intento 1)
[22-Nov-2025 22:00:50 America/Santo_Domingo] ✓ Conexión BD exitosa: easypos@localhost (intento 1)
[22-Nov-2025 22:00:50 America/Santo_Domingo] ✓ Conexión BD exitosa: easypos@localhost (intento 1)
[22-Nov-2025 22:00:50 America/Santo_Domingo] ✓ Conexión BD exitosa: easypos@localhost (intento 1)
[22-Nov-2025 22:00:51 America/Santo_Domingo] ✓ Conexión BD exitosa: easypos@localhost (intento 1)
[22-Nov-2025 22:00:53 America/Santo_Domingo] ✓ Conexión BD exitosa: easypos@localhost (intento 1)
[22-Nov-2025 22:01:47 America/Santo_Domingo] ✓ Conexión BD exitosa: easypos@localhost (intento 1)
[22-Nov-2025 22:01:47 America/Santo_Domingo] PHP Warning:  Undefined array key "id_empleado" in C:\xampp\htdocs\EasyPOS\api\caja\estado-cuadre.php on line 46
[22-Nov-2025 22:01:55 America/Santo_Domingo] ✓ Conexión BD exitosa: easypos@localhost (intento 1)
[22-Nov-2025 22:01:56 America/Santo_Domingo] ✓ Conexión BD exitosa: easypos@localhost (intento 1)
[22-Nov-2025 22:02:55 America/Santo_Domingo] ✓ Conexión BD exitosa: easypos@localhost (intento 1)
[22-Nov-2025 22:02:55 America/Santo_Domingo] PHP Warning:  Undefined array key "id_empleado" in C:\xampp\htdocs\EasyPOS\api\caja\estado-cuadre.php on line 46
[22-Nov-2025 22:04:03 America/Santo_Domingo] ✓ Conexión BD exitosa: easypos@localhost (intento 1)
[22-Nov-2025 22:04:07 America/Santo_Domingo] ✓ Conexión BD exitosa: easypos@localhost (intento 1)
[22-Nov-2025 22:04:08 America/Santo_Domingo] ✓ Conexión BD exitosa: easypos@localhost (intento 1)
[22-Nov-2025 22:04:30 America/Santo_Domingo] ✓ Conexión BD exitosa: easypos@localhost (intento 1)
[22-Nov-2025 22:04:34 America/Santo_Domingo] ✓ Conexión BD exitosa: easypos@localhost (intento 1)
[22-Nov-2025 22:04:39 America/Santo_Domingo] ✓ Conexión BD exitosa: easypos@localhost (intento 1)
[22-Nov-2025 22:04:41 America/Santo_Domingo] ✓ Conexión BD exitosa: easypos@localhost (intento 1)
[22-Nov-2025 22:04:42 America/Santo_Domingo] ✓ Conexión BD exitosa: easypos@localhost (intento 1)
[22-Nov-2025 22:04:45 America/Santo_Domingo] ✓ Conexión BD exitosa: easypos@localhost (intento 1)
[22-Nov-2025 22:04:46 America/Santo_Domingo] ✓ Conexión BD exitosa: easypos@localhost (intento 1)
[22-Nov-2025 22:04:48 America/Santo_Domingo] ✓ Conexión BD exitosa: easypos@localhost (intento 1)
[22-Nov-2025 22:04:48 America/Santo_Domingo] ✓ Conexión BD exitosa: easypos@localhost (intento 1)
[22-Nov-2025 22:04:48 America/Santo_Domingo] ✓ Conexión BD exitosa: easypos@localhost (intento 1)
[22-Nov-2025 22:04:48 America/Santo_Domingo] ✓ Conexión BD exitosa: easypos@localhost (intento 1)
[22-Nov-2025 22:04:50 America/Santo_Domingo] ✓ Conexión BD exitosa: easypos@localhost (intento 1)
[22-Nov-2025 22:04:51 America/Santo_Domingo] ✓ Conexión BD exitosa: easypos@localhost (intento 1)
[22-Nov-2025 22:05:18 America/Santo_Domingo] ✓ Conexión BD exitosa: easypos@localhost (intento 1)
[22-Nov-2025 22:05:20 America/Santo_Domingo] ✓ Conexión BD exitosa: easypos@localhost (intento 1)
[22-Nov-2025 22:05:25 America/Santo_Domingo] ✓ Conexión BD exitosa: easypos@localhost (intento 1)
[22-Nov-2025 22:05:29 America/Santo_Domingo] ✓ Conexión BD exitosa: easypos@localhost (intento 1)
[22-Nov-2025 22:05:34 America/Santo_Domingo] ✓ Conexión BD exitosa: easypos@localhost (intento 1)
